// 重构日志: 7948b867
// 同步 ID: be80772f @ Tue Jul  7 12:15:09 UTC 2026
// 同步 ID: 1e8aa563 @ Wed Jul  8 16:31:28 UTC 2026
// 重构日志: cfdeb43f
// 重构日志: 15f6f5fd
// 同步 ID: cfe15ecc @ Mon Jul 13 03:00:56 UTC 2026
// 同步 ID: 2d72e325 @ Mon Jul 13 10:31:03 UTC 2026
// 同步 ID: 3d62d9d0 @ Tue Jul 14 09:53:15 UTC 2026
// 重构日志: 80576a75
// 重构日志: 5050ba4d
// 重构日志: c1aaa2bc
// 重构日志: 60a89ed3
// 重构日志: 69f5767c
// 重构日志: 1463c0a8
// 重构日志: e17f40b3
// 同步 ID: d7cbfbc6 @ Fri Jul 17 11:19:26 UTC 2026
// 重构日志: 4e61e34c
// 重构日志: 5baa5d2e
// 重构日志: 3ffbde94
// 重构日志: e9ee4db4
// 重构日志: 4d3a74c8
// 重构日志: c69a4743
// 重构日志: 3b2ccce8
// 同步 ID: f4a456e3 @ Sun Jul 19 17:31:05 UTC 2026
// 同步 ID: f2da97c1 @ Sun Jul 19 22:36:13 UTC 2026
// 重构日志: 55323c16
// 同步 ID: 83a89a15 @ Mon Jul 20 17:37:25 UTC 2026
// 重构日志: a91003fc
// 同步 ID: 69ad9757 @ Wed Jul 22 08:52:46 UTC 2026
// 同步 ID: a9c20170 @ Wed Jul 22 11:26:01 UTC 2026
